2020-04-21 12:14:02.558 INFO  (main) [   ] o.e.j.u.log Logging initialized @1802ms to org.eclipse.jetty.util.log.Slf4jLog
2020-04-21 12:14:02.842 WARN  (main) [   ] o.e.j.x.XmlConfiguration Config error at <Set name="port"><Property name="jetty.port" default="8983"/></Set>
2020-04-21 12:14:02.842 WARN  (main) [   ] o.e.j.x.XmlConfiguration Config error at <Call name="addConnector"><Arg>
      <New class="org.eclipse.jetty.server.ServerConnector"><Arg name="server"><Ref refid="Server"/></Arg><Arg name="acceptors" type="int"><Property name="solr.jetty.http.acceptors" default="-1"/></Arg><Arg name="selectors" type="int"><Property name="solr.jetty.http.selectors" default="-1"/></Arg><Arg name="factories">
          <Array type="org.eclipse.jetty.server.ConnectionFactory"><Item>
              <New class="org.eclipse.jetty.server.HttpConnectionFactory"><Arg name="config"><Ref refid="httpConfig"/></Arg></New>
            </Item></Array>
        </Arg><Set name="host"><Property name="jetty.host"/></Set><Set name="port"><Property name="jetty.port" default="8983"/></Set><Set name="idleTimeout"><Property name="solr.jetty.http.idleTimeout" default="120000"/></Set><Set name="soLingerTime"><Property name="solr.jetty.http.soLingerTime" default="-1"/></Set><Set name="acceptorPriorityDelta"><Property name="solr.jetty.http.acceptorPriorityDelta" default="0"/></Set><Set name="acceptQueueSize"><Property name="solr.jetty.http.acceptQueueSize" default="0"/></Set></New>
    </Arg></Call>
2020-04-21 12:14:02.843 WARN  (main) [   ] o.e.j.x.XmlConfiguration 
java.security.PrivilegedActionException: null
	at java.security.AccessController.doPrivileged(Native Method) ~[?:1.8.0_241]
	at org.eclipse.jetty.xml.XmlConfiguration.main(XmlConfiguration.java:1511) [jetty-xml-9.4.14.v20181114.jar:9.4.14.v20181114]
	at sun.reflect.NativeMethodAccessorImpl.invoke0(Native Method) ~[?:1.8.0_241]
	at sun.reflect.NativeMethodAccessorImpl.invoke(Unknown Source) ~[?:1.8.0_241]
	at sun.reflect.DelegatingMethodAccessorImpl.invoke(Unknown Source) ~[?:1.8.0_241]
	at java.lang.reflect.Method.invoke(Unknown Source) ~[?:1.8.0_241]
	at org.eclipse.jetty.start.Main.invokeMain(Main.java:220) [start.jar:9.4.14.v20181114]
	at org.eclipse.jetty.start.Main.start(Main.java:490) [start.jar:9.4.14.v20181114]
	at org.eclipse.jetty.start.Main.main(Main.java:77) [start.jar:9.4.14.v20181114]
Caused by: java.lang.reflect.InvocationTargetException
	at sun.reflect.NativeConstructorAccessorImpl.newInstance0(Native Method) ~[?:1.8.0_241]
	at sun.reflect.NativeConstructorAccessorImpl.newInstance(Unknown Source) ~[?:1.8.0_241]
	at sun.reflect.DelegatingConstructorAccessorImpl.newInstance(Unknown Source) ~[?:1.8.0_241]
	at java.lang.reflect.Constructor.newInstance(Unknown Source) ~[?:1.8.0_241]
	at org.eclipse.jetty.xml.XmlConfiguration$JettyXmlConfiguration.set(XmlConfiguration.java:645) ~[jetty-xml-9.4.14.v20181114.jar:9.4.14.v20181114]
	at org.eclipse.jetty.xml.XmlConfiguration$JettyXmlConfiguration.configure(XmlConfiguration.java:466) ~[jetty-xml-9.4.14.v20181114.jar:9.4.14.v20181114]
	at org.eclipse.jetty.xml.XmlConfiguration$JettyXmlConfiguration.newObj(XmlConfiguration.java:875) ~[jetty-xml-9.4.14.v20181114.jar:9.4.14.v20181114]
	at org.eclipse.jetty.xml.XmlConfiguration$JettyXmlConfiguration.itemValue(XmlConfiguration.java:1309) ~[jetty-xml-9.4.14.v20181114.jar:9.4.14.v20181114]
	at org.eclipse.jetty.xml.XmlConfiguration$JettyXmlConfiguration.value(XmlConfiguration.java:1214) ~[jetty-xml-9.4.14.v20181114.jar:9.4.14.v20181114]
	at org.eclipse.jetty.xml.XmlConfiguration$JettyXmlConfiguration.access$500(XmlConfiguration.java:326) ~[jetty-xml-9.4.14.v20181114.jar:9.4.14.v20181114]
	at org.eclipse.jetty.xml.XmlConfiguration$JettyXmlConfiguration$AttrOrElementNode.getList(XmlConfiguration.java:1442) ~[jetty-xml-9.4.14.v20181114.jar:9.4.14.v20181114]
	at org.eclipse.jetty.xml.XmlConfiguration$JettyXmlConfiguration$AttrOrElementNode.getList(XmlConfiguration.java:1417) ~[jetty-xml-9.4.14.v20181114.jar:9.4.14.v20181114]
	at org.eclipse.jetty.xml.XmlConfiguration$JettyXmlConfiguration.call(XmlConfiguration.java:780) ~[jetty-xml-9.4.14.v20181114.jar:9.4.14.v20181114]
	at org.eclipse.jetty.xml.XmlConfiguration$JettyXmlConfiguration.configure(XmlConfiguration.java:472) ~[jetty-xml-9.4.14.v20181114.jar:9.4.14.v20181114]
	at org.eclipse.jetty.xml.XmlConfiguration$JettyXmlConfiguration.configure(XmlConfiguration.java:413) ~[jetty-xml-9.4.14.v20181114.jar:9.4.14.v20181114]
	at org.eclipse.jetty.xml.XmlConfiguration.configure(XmlConfiguration.java:311) ~[jetty-xml-9.4.14.v20181114.jar:9.4.14.v20181114]
	at org.eclipse.jetty.xml.XmlConfiguration$1.run(XmlConfiguration.java:1558) ~[jetty-xml-9.4.14.v20181114.jar:9.4.14.v20181114]
	at org.eclipse.jetty.xml.XmlConfiguration$1.run(XmlConfiguration.java:1512) ~[jetty-xml-9.4.14.v20181114.jar:9.4.14.v20181114]
	... 9 more
Caused by: java.lang.NumberFormatException: For input string: "wiki"
	at java.lang.NumberFormatException.forInputString(Unknown Source) ~[?:1.8.0_241]
	at java.lang.Integer.parseInt(Unknown Source) ~[?:1.8.0_241]
	at java.lang.Integer.<init>(Unknown Source) ~[?:1.8.0_241]
	at sun.reflect.NativeConstructorAccessorImpl.newInstance0(Native Method) ~[?:1.8.0_241]
	at sun.reflect.NativeConstructorAccessorImpl.newInstance(Unknown Source) ~[?:1.8.0_241]
	at sun.reflect.DelegatingConstructorAccessorImpl.newInstance(Unknown Source) ~[?:1.8.0_241]
	at java.lang.reflect.Constructor.newInstance(Unknown Source) ~[?:1.8.0_241]
	at org.eclipse.jetty.xml.XmlConfiguration$JettyXmlConfiguration.set(XmlConfiguration.java:645) ~[jetty-xml-9.4.14.v20181114.jar:9.4.14.v20181114]
	at org.eclipse.jetty.xml.XmlConfiguration$JettyXmlConfiguration.configure(XmlConfiguration.java:466) ~[jetty-xml-9.4.14.v20181114.jar:9.4.14.v20181114]
	at org.eclipse.jetty.xml.XmlConfiguration$JettyXmlConfiguration.newObj(XmlConfiguration.java:875) ~[jetty-xml-9.4.14.v20181114.jar:9.4.14.v20181114]
	at org.eclipse.jetty.xml.XmlConfiguration$JettyXmlConfiguration.itemValue(XmlConfiguration.java:1309) ~[jetty-xml-9.4.14.v20181114.jar:9.4.14.v20181114]
	at org.eclipse.jetty.xml.XmlConfiguration$JettyXmlConfiguration.value(XmlConfiguration.java:1214) ~[jetty-xml-9.4.14.v20181114.jar:9.4.14.v20181114]
	at org.eclipse.jetty.xml.XmlConfiguration$JettyXmlConfiguration.access$500(XmlConfiguration.java:326) ~[jetty-xml-9.4.14.v20181114.jar:9.4.14.v20181114]
	at org.eclipse.jetty.xml.XmlConfiguration$JettyXmlConfiguration$AttrOrElementNode.getList(XmlConfiguration.java:1442) ~[jetty-xml-9.4.14.v20181114.jar:9.4.14.v20181114]
	at org.eclipse.jetty.xml.XmlConfiguration$JettyXmlConfiguration$AttrOrElementNode.getList(XmlConfiguration.java:1417) ~[jetty-xml-9.4.14.v20181114.jar:9.4.14.v20181114]
	at org.eclipse.jetty.xml.XmlConfiguration$JettyXmlConfiguration.call(XmlConfiguration.java:780) ~[jetty-xml-9.4.14.v20181114.jar:9.4.14.v20181114]
	at org.eclipse.jetty.xml.XmlConfiguration$JettyXmlConfiguration.configure(XmlConfiguration.java:472) ~[jetty-xml-9.4.14.v20181114.jar:9.4.14.v20181114]
	at org.eclipse.jetty.xml.XmlConfiguration$JettyXmlConfiguration.configure(XmlConfiguration.java:413) ~[jetty-xml-9.4.14.v20181114.jar:9.4.14.v20181114]
	at org.eclipse.jetty.xml.XmlConfiguration.configure(XmlConfiguration.java:311) ~[jetty-xml-9.4.14.v20181114.jar:9.4.14.v20181114]
	at org.eclipse.jetty.xml.XmlConfiguration$1.run(XmlConfiguration.java:1558) ~[jetty-xml-9.4.14.v20181114.jar:9.4.14.v20181114]
	at org.eclipse.jetty.xml.XmlConfiguration$1.run(XmlConfiguration.java:1512) ~[jetty-xml-9.4.14.v20181114.jar:9.4.14.v20181114]
	... 9 more
